[master (root-commit) 30334ca] otal of otalmax
 Committer: CS251 Account <cs251@data.cs.purdue.edu>
Your name and email address were configured automatically based
on your username and hostname. Please check that they are accurate.
You can suppress this message by setting them explicitly:

    git config --global user.name "Your Name"
    git config --global user.email you@example.com

After doing this, you may fix the identity used for this commit with:

    git commit --amend --reset-author

 9 files changed, 732 insertions(+)
 create mode 100644 Makefile
 create mode 100644 SimpleHTMLParser.cpp
 create mode 100644 SimpleHTMLParser.h
 create mode 100644 fetchHTML.h
 create mode 100644 gethttp.cpp
 create mode 100644 openhttp.cpp
 create mode 100644 openhttp.h
 create mode 100644 webcrawler.cpp
 create mode 100644 webcrawler.h
[master 8447795] Commit web-crawler
 Committer: CS251 Account <cs251@data.cs.purdue.edu>
Your name and email address were configured automatically based
on your username and hostname. Please check that they are accurate.
You can suppress this message by setting them explicitly:

    git config --global user.name "Your Name"
    git config --global user.email you@example.com

After doing this, you may fix the identity used for this commit with:

    git commit --amend --reset-author

 1 file changed, 1 insertion(+), 1 deletion(-)
[master 12c694a] Commit web-crawler
 Committer: CS251 Account <cs251@data.cs.purdue.edu>
Your name and email address were configured automatically based
on your username and hostname. Please check that they are accurate.
You can suppress this message by setting them explicitly. Run the
following command and follow the instructions in your editor to edit
your configuration file:

    git config --global --edit

After doing this, you may fix the identity used for this commit with:

    git commit --amend --reset-author

 2 files changed, 39 insertions(+), 1 deletion(-)
 create mode 100644 .local.git.out
[master 25dfb4f] Commit web-crawler
 Committer: CS251 Account <cs251@data.cs.purdue.edu>
Your name and email address were configured automatically based
on your username and hostname. Please check that they are accurate.
You can suppress this message by setting them explicitly. Run the
following command and follow the instructions in your editor to edit
your configuration file:

    git config --global --edit

After doing this, you may fix the identity used for this commit with:

    git commit --amend --reset-author

 1 file changed, 16 insertions(+)
[master 3af5024] Commit web-crawler
 Committer: CS251 Account <cs251@data.cs.purdue.edu>
Your name and email address were configured automatically based
on your username and hostname. Please check that they are accurate.
You can suppress this message by setting them explicitly. Run the
following command and follow the instructions in your editor to edit
your configuration file:

    git config --global --edit

After doing this, you may fix the identity used for this commit with:

    git commit --amend --reset-author

 2 files changed, 74 insertions(+)
 create mode 100644 gethttps.cpp
[master 6afe24e] Commit web-crawler
 Committer: CS251 Account <cs251@data.cs.purdue.edu>
Your name and email address were configured automatically based
on your username and hostname. Please check that they are accurate.
You can suppress this message by setting them explicitly. Run the
following command and follow the instructions in your editor to edit
your configuration file:

    git config --global --edit

After doing this, you may fix the identity used for this commit with:

    git commit --amend --reset-author

 7 files changed, 96 insertions(+), 31 deletions(-)
 rename openhttp.cpp => openhttp-old.cpp (100%)
 create mode 100644 openhttp-old.h
 rename gethttps.cpp => openhttp.cpp (55%)
[master 3aca6b1] Commit web-crawler
 Committer: CS251 Account <cs251@data.cs.purdue.edu>
Your name and email address were configured automatically based
on your username and hostname. Please check that they are accurate.
You can suppress this message by setting them explicitly. Run the
following command and follow the instructions in your editor to edit
your configuration file:

    git config --global --edit

After doing this, you may fix the identity used for this commit with:

    git commit --amend --reset-author

 1 file changed, 18 insertions(+)
[master b27d405] Commit web-crawler
 Committer: CS251 Account <cs251@data.cs.purdue.edu>
Your name and email address were configured automatically based
on your username and hostname. Please check that they are accurate.
You can suppress this message by setting them explicitly. Run the
following command and follow the instructions in your editor to edit
your configuration file:

    git config --global --edit

After doing this, you may fix the identity used for this commit with:

    git commit --amend --reset-author

 2 files changed, 17 insertions(+), 2 deletions(-)
[master d415faf] Commit web-crawler
 Committer: CS251 Account <cs251@data.cs.purdue.edu>
Your name and email address were configured automatically based
on your username and hostname. Please check that they are accurate.
You can suppress this message by setting them explicitly. Run the
following command and follow the instructions in your editor to edit
your configuration file:

    git config --global --edit

After doing this, you may fix the identity used for this commit with:

    git commit --amend --reset-author

 2 files changed, 16 insertions(+), 1 deletion(-)
[master (root-commit) 79069ab] Commit web-crawler
 Committer: CS251 Account <cs251@data.cs.purdue.edu>
Your name and email address were configured automatically based
on your username and hostname. Please check that they are accurate.
You can suppress this message by setting them explicitly. Run the
following command and follow the instructions in your editor to edit
your configuration file:

    git config --global --edit

After doing this, you may fix the identity used for this commit with:

    git commit --amend --reset-author

 12 files changed, 987 insertions(+)
 create mode 100644 .local.git.out
 create mode 100644 Makefile
 create mode 100644 SimpleHTMLParser.cpp
 create mode 100644 SimpleHTMLParser.h
 create mode 100644 fetchHTML.h
 create mode 100644 gethttp.cpp
 create mode 100644 openhttp-old.cpp
 create mode 100644 openhttp-old.h
 create mode 100644 openhttp.cpp
 create mode 100644 openhttp.h
 create mode 100644 webcrawler.cpp
 create mode 100644 webcrawler.h
[master 629f805] Commit web-crawler
 Committer: CS251 Account <cs251@data.cs.purdue.edu>
Your name and email address were configured automatically based
on your username and hostname. Please check that they are accurate.
You can suppress this message by setting them explicitly. Run the
following command and follow the instructions in your editor to edit
your configuration file:

    git config --global --edit

After doing this, you may fix the identity used for this commit with:

    git commit --amend --reset-author

 1 file changed, 27 insertions(+)
[master 48c7250] Commit web-crawler
 Committer: CS251 Account <cs251@data.cs.purdue.edu>
Your name and email address were configured automatically based
on your username and hostname. Please check that they are accurate.
You can suppress this message by setting them explicitly. Run the
following command and follow the instructions in your editor to edit
your configuration file:

    git config --global --edit

After doing this, you may fix the identity used for this commit with:

    git commit --amend --reset-author

 2 files changed, 16 insertions(+)
[master 8f4c351] Commit web-crawler
 1 file changed, 15 insertions(+)
[master d145aa6] Commit web-crawler
 1 file changed, 2 insertions(+)
[master b130822] Commit web-crawler
 3 files changed, 6 insertions(+), 4 deletions(-)
[master 6eaa36c] Commit web-crawler
 1 file changed, 2 insertions(+)
[master 9ff5cf1] Commit web-crawler
 7 files changed, 348 insertions(+), 10 deletions(-)
 create mode 100644 HashTableTemplate.h
[master 6260744] Commit web-crawler
 3 files changed, 5 insertions(+), 2 deletions(-)
[master db3569c] Commit web-crawler
 2 files changed, 3 insertions(+), 1 deletion(-)
[master b45b13b] Commit web-crawler
 1 file changed, 2 insertions(+)
[master e6360be] Commit web-crawler
 1 file changed, 2 insertions(+)
[master b287459] Commit web-crawler
 1 file changed, 2 insertions(+)
[master aed6afa] Commit web-crawler
 1 file changed, 2 insertions(+)
[master d713632] Commit web-crawler
 1 file changed, 2 insertions(+)
[master 29a1725] Commit web-crawler
 2 files changed, 3 insertions(+), 1 deletion(-)
[master 4955c99] Commit web-crawler
 2 files changed, 3 insertions(+), 1 deletion(-)
[master ea4c1e9] Commit web-crawler
 1 file changed, 2 insertions(+)
[master 514b342] Commit web-crawler
 2 files changed, 3 insertions(+), 1 deletion(-)
[master ef2e866] Commit web-crawler
 2 files changed, 4 insertions(+), 2 deletions(-)
[master e6195a8] Commit web-crawler
 2 files changed, 3 insertions(+)
[master 0d41656] Commit web-crawler
 1 file changed, 2 insertions(+)
[master db4896a] Commit web-crawler
 2 files changed, 4 insertions(+), 2 deletions(-)
[master d43ef93] Commit web-crawler
 1 file changed, 2 insertions(+)
[master 48025eb] Commit web-crawler
 2 files changed, 3 insertions(+), 1 deletion(-)
[master 6a22907] Commit web-crawler
 2 files changed, 4 insertions(+), 2 deletions(-)
[master b0dceb0] Commit web-crawler
 2 files changed, 3 insertions(+), 1 deletion(-)
[master 0ca3429] Commit web-crawler
 2 files changed, 4 insertions(+), 2 deletions(-)
[master 9594726] Commit web-crawler
 2 files changed, 4 insertions(+), 2 deletions(-)
[master 2d8fb89] Commit web-crawler
 2 files changed, 3 insertions(+), 1 deletion(-)
[master 7ff16e1] Commit web-crawler
 1 file changed, 2 insertions(+)
[master c958d7b] Commit web-crawler
 1 file changed, 2 insertions(+)
[master 3058646] Commit web-crawler
 1 file changed, 2 insertions(+)
[master 9e4f4ce] Commit web-crawler
 2 files changed, 4 insertions(+), 2 deletions(-)
[master c01ccd5] Commit web-crawler
 3 files changed, 7 insertions(+), 5 deletions(-)
[master fe522ce] Commit web-crawler
 2 files changed, 3 insertions(+), 1 deletion(-)
[master b96ec9e] Commit web-crawler
 2 files changed, 3 insertions(+), 1 deletion(-)
[master 43304a1] Commit web-crawler
 2 files changed, 3 insertions(+), 1 deletion(-)
[master 5aea63f] Commit web-crawler
 2 files changed, 3 insertions(+), 1 deletion(-)
[master b539369] Commit web-crawler
 2 files changed, 3 insertions(+), 1 deletion(-)
[master 7e3237f] Commit web-crawler
 2 files changed, 3 insertions(+), 1 deletion(-)
[master 871e7bc] Commit web-crawler
 2 files changed, 3 insertions(+)
[master 53ea1b4] Commit web-crawler
 2 files changed, 4 insertions(+), 2 deletions(-)
[master 81d25a6] Commit web-crawler
 2 files changed, 4 insertions(+), 2 deletions(-)
[master 519603c] Commit web-crawler
 1 file changed, 2 insertions(+)
[master ca41a75] Commit web-crawler
 2 files changed, 4 insertions(+), 2 deletions(-)
[master 57524b9] Commit web-crawler
 2 files changed, 13 insertions(+), 15 deletions(-)
[master 26f75a6] Commit web-crawler
 2 files changed, 3 insertions(+), 1 deletion(-)
[master d36244a] Commit web-crawler
 2 files changed, 4 insertions(+), 7 deletions(-)
[master 3a55397] Commit web-crawler
 2 files changed, 3 insertions(+), 1 deletion(-)
[master aeb9b91] Commit web-crawler
 2 files changed, 3 insertions(+), 1 deletion(-)
[master 1fdef07] Commit web-crawler
 2 files changed, 3 insertions(+), 1 deletion(-)
[master 8871d80] Commit web-crawler
 1 file changed, 2 insertions(+)
[master 31e7898] Commit web-crawler
 1 file changed, 2 insertions(+)
[master 9ab7d49] Commit web-crawler
 2 files changed, 3 insertions(+), 1 deletion(-)
[master 12e7128] Commit web-crawler
 2 files changed, 3 insertions(+), 1 deletion(-)
[master b6309d0] Commit web-crawler
 2 files changed, 5 insertions(+)
[master 06783f4] Commit web-crawler
 2 files changed, 4 insertions(+), 5 deletions(-)
[master 5bb008d] Commit web-crawler
 2 files changed, 3 insertions(+)
[master 63baf63] Commit web-crawler
 1 file changed, 2 insertions(+)
[master 6851a2f] Commit web-crawler
 1 file changed, 2 insertions(+)
[master 0130c56] Commit web-crawler
 2 files changed, 3 insertions(+)
[master f1ab48e] Commit web-crawler
 2 files changed, 3 insertions(+), 1 deletion(-)
[master f4a1be1] Commit web-crawler
 2 files changed, 5 insertions(+), 2 deletions(-)
[master 01bcb62] Commit web-crawler
 2 files changed, 3 insertions(+), 1 deletion(-)
[master 3ae4376] Commit web-crawler
 1 file changed, 2 insertions(+)
[master 4b931da] Commit web-crawler
 1 file changed, 2 insertions(+)
[master 570708d] Commit web-crawler
 2 files changed, 3 insertions(+), 1 deletion(-)
[master fec9ae3] Commit web-crawler
 1 file changed, 2 insertions(+)
[master 43f5c4e] Commit web-crawler
 1 file changed, 2 insertions(+)
[master 2cbed1a] Commit web-crawler
 2 files changed, 4 insertions(+), 2 deletions(-)
[master 2af4887] Commit web-crawler
 2 files changed, 4 insertions(+), 2 deletions(-)
[master 53754f7] Commit web-crawler
 2 files changed, 4 insertions(+), 2 deletions(-)
[master 4b0a583] Commit web-crawler
 1 file changed, 2 insertions(+)
[master 06426d3] Commit web-crawler
 1 file changed, 2 insertions(+)
[master 0d7a4cd] Commit web-crawler
 2 files changed, 3 insertions(+), 1 deletion(-)
[master 65dbd1e] Commit web-crawler
 2 files changed, 3 insertions(+), 1 deletion(-)
[master ed4b34e] Commit web-crawler
 1 file changed, 2 insertions(+)
[master c8e8eaa] Commit web-crawler
 2 files changed, 3 insertions(+), 1 deletion(-)
[master 2fd1530] Commit web-crawler
 2 files changed, 4 insertions(+), 2 deletions(-)
[master a716260] Commit web-crawler
 2 files changed, 3 insertions(+), 1 deletion(-)
[master c1a7f3e] Commit web-crawler
 2 files changed, 3 insertions(+), 1 deletion(-)
[master f76c763] Commit web-crawler
 2 files changed, 4 insertions(+), 2 deletions(-)
[master 0555845] Commit web-crawler
 1 file changed, 2 insertions(+)
[master 7359134] Commit web-crawler
 1 file changed, 2 insertions(+)
[master 7903d3d] Commit web-crawler
 2 files changed, 3 insertions(+), 1 deletion(-)
[master 47f17f3] Commit web-crawler
 2 files changed, 3 insertions(+), 1 deletion(-)
[master e967073] Commit web-crawler
 2 files changed, 3 insertions(+), 1 deletion(-)
[master 616c5d0] Commit web-crawler
 2 files changed, 3 insertions(+), 1 deletion(-)
[master f495573] Commit web-crawler
 2 files changed, 3 insertions(+), 1 deletion(-)
[master 71afa1c] Commit web-crawler
 2 files changed, 3 insertions(+), 1 deletion(-)
[master cac0d4b] Commit web-crawler
 2 files changed, 3 insertions(+), 1 deletion(-)
[master 9d007fc] Commit web-crawler
 2 files changed, 5 insertions(+), 3 deletions(-)
[master 36ba00c] Commit web-crawler
 2 files changed, 5 insertions(+), 3 deletions(-)
[master 38ad441] Commit web-crawler
 2 files changed, 3 insertions(+), 1 deletion(-)
[master daf55cf] Commit web-crawler
 1 file changed, 2 insertions(+)
[master 6e21ad1] Commit web-crawler
 1 file changed, 2 insertions(+)
[master e6a5d31] Commit web-crawler
 1 file changed, 2 insertions(+)
[master 1205670] Commit web-crawler
 1 file changed, 2 insertions(+)
[master 079365f] Commit web-crawler
 2 files changed, 3 insertions(+)
[master 32e22d1] Commit web-crawler
 2 files changed, 4 insertions(+), 2 deletions(-)
[master 0cbdd63] Commit web-crawler
 2 files changed, 4 insertions(+), 2 deletions(-)
[master da83bf9] Commit web-crawler
 2 files changed, 3 insertions(+), 1 deletion(-)
[master 644a227] Commit web-crawler
 1 file changed, 2 insertions(+)
[master 4203dde] Commit web-crawler
 2 files changed, 3 insertions(+), 1 deletion(-)
[master 2716aec] Commit web-crawler
 2 files changed, 3 insertions(+), 1 deletion(-)
[master 2cc0e8e] Commit web-crawler
 2 files changed, 5 insertions(+), 3 deletions(-)
[master 002986f] Commit web-crawler
 1 file changed, 2 insertions(+)
[master f2c27cb] Commit web-crawler
 1 file changed, 2 insertions(+)
[master 204a5ca] Commit web-crawler
 2 files changed, 3 insertions(+), 1 deletion(-)
[master c483eff] Commit web-crawler
 2 files changed, 3 insertions(+), 1 deletion(-)
[master 208a9b8] Commit web-crawler
 2 files changed, 3 insertions(+), 1 deletion(-)
[master fb0c54b] Commit web-crawler
 2 files changed, 3 insertions(+), 1 deletion(-)
[master c7e3aac] Commit web-crawler
 2 files changed, 3 insertions(+), 1 deletion(-)
[master 61cb4f2] Commit web-crawler
 2 files changed, 3 insertions(+), 1 deletion(-)
[master 0eadeef] Commit web-crawler
 1 file changed, 2 insertions(+)
[master 7153ab9] Commit web-crawler
 2 files changed, 6 insertions(+), 4 deletions(-)
[master 01ce0d2] Commit web-crawler
 1 file changed, 2 insertions(+)
[master 1a0c758] Commit web-crawler
 2 files changed, 3 insertions(+), 1 deletion(-)
[master 283ebdd] Commit web-crawler
 1 file changed, 2 insertions(+)
[master cc42093] Commit web-crawler
 2 files changed, 4 insertions(+)
[master 0468a8c] Commit web-crawler
 2 files changed, 3 insertions(+)
[master 50c3d21] Commit web-crawler
 2 files changed, 5 insertions(+), 4 deletions(-)
[master dd19976] Commit web-crawler
 2 files changed, 3 insertions(+), 1 deletion(-)
[master 24ab571] Commit web-crawler
 1 file changed, 2 insertions(+)
[master 94981d9] Commit web-crawler
 2 files changed, 8 insertions(+), 9 deletions(-)
[master b314438] Commit web-crawler
 1 file changed, 2 insertions(+)
[master 448fbe6] Commit web-crawler
 3 files changed, 4 insertions(+), 1 deletion(-)
[master 12c1ae4] Commit web-crawler
 2 files changed, 2 insertions(+), 1 deletion(-)
[master b956e14] Commit web-crawler
 2 files changed, 9 insertions(+), 6 deletions(-)
[master f7f85b8] Commit web-crawler
 2 files changed, 3 insertions(+), 1 deletion(-)
[master 565f512] Commit web-crawler
 2 files changed, 4 insertions(+), 2 deletions(-)
[master d12da90] Commit web-crawler
 2 files changed, 3 insertions(+), 1 deletion(-)
[master 58cf784] Commit web-crawler
 2 files changed, 3 insertions(+), 1 deletion(-)
[master 7ce88a3] Commit web-crawler
 2 files changed, 3 insertions(+), 1 deletion(-)
[master 38edb64] Commit web-crawler
 1 file changed, 2 insertions(+)
[master 94b3535] Commit web-crawler
 2 files changed, 5 insertions(+), 2 deletions(-)
[master e89dadb] Commit web-crawler
 2 files changed, 4 insertions(+), 2 deletions(-)
[master 5318464] Commit web-crawler
 2 files changed, 4 insertions(+), 1 deletion(-)
[master 47e4dfb] Commit web-crawler
 1 file changed, 2 insertions(+)
[master bfbbff8] Commit web-crawler
 2 files changed, 3 insertions(+), 1 deletion(-)
[master 8788cd7] Commit web-crawler
 2 files changed, 3 insertions(+), 1 deletion(-)
[master 319e87a] Commit web-crawler
 2 files changed, 3 insertions(+), 1 deletion(-)
[master b11df0b] Commit web-crawler
 2 files changed, 3 insertions(+), 1 deletion(-)
[master e4463d7] Commit web-crawler
 2 files changed, 3 insertions(+), 1 deletion(-)
[master 5636bf9] Commit web-crawler
 2 files changed, 3 insertions(+), 1 deletion(-)
[master cd25c2e] Commit web-crawler
 2 files changed, 3 insertions(+), 1 deletion(-)
[master 95e472f] Commit web-crawler
 2 files changed, 5 insertions(+), 5 deletions(-)
[master ac495ac] Commit web-crawler
 1 file changed, 2 insertions(+)
[master 979b426] Commit web-crawler
 2 files changed, 7 insertions(+), 3 deletions(-)
[master 73a94a0] Commit web-crawler
 2 files changed, 7 insertions(+), 2 deletions(-)
[master ad43a14] Commit web-crawler
 2 files changed, 4 insertions(+), 2 deletions(-)
[master 0795b74] Commit web-crawler
 2 files changed, 5 insertions(+)
[master a9f3d0a] Commit web-crawler
 1 file changed, 2 insertions(+)
[master 01d57c5] Commit web-crawler
 2 files changed, 2 insertions(+), 3 deletions(-)
[master 3c8ac57] Commit web-crawler
 2 files changed, 4 insertions(+), 2 deletions(-)
[master 215b0a2] Commit web-crawler
 2 files changed, 3 insertions(+), 2 deletions(-)
[master 90c7f72] Commit web-crawler
 2 files changed, 6 insertions(+), 4 deletions(-)
[master 476edc8] Commit web-crawler
 2 files changed, 9 insertions(+), 5 deletions(-)
[master 41cbafb] Commit web-crawler
 2 files changed, 3 insertions(+), 2 deletions(-)
[master 5ea2d4e] Commit web-crawler
 1 file changed, 2 insertions(+)
[master 8f693a7] Commit web-crawler
 1 file changed, 2 insertions(+)
[master bbe1781] Commit web-crawler
 2 files changed, 6 insertions(+), 2 deletions(-)
[master 6255da9] Commit web-crawler
 2 files changed, 5 insertions(+), 5 deletions(-)
[master 6b706c5] Commit web-crawler
 1 file changed, 2 insertions(+)
[master edb2c2c] Commit web-crawler
 2 files changed, 4 insertions(+), 2 deletions(-)
[master 76f767f] Commit web-crawler
 1 file changed, 2 insertions(+)
[master 1599b6d] Commit web-crawler
 2 files changed, 6 insertions(+), 4 deletions(-)
[master 015e9dd] Commit web-crawler
 1 file changed, 2 insertions(+)
[master 54747aa] Commit web-crawler
 2 files changed, 4 insertions(+), 2 deletions(-)
[master 7c3d5b0] Commit web-crawler
 2 files changed, 29 insertions(+), 8 deletions(-)
[master 33068eb] Commit web-crawler
 1 file changed, 2 insertions(+)
[master 005a4a6] Commit web-crawler
 2 files changed, 5 insertions(+), 22 deletions(-)
[master b4e1159] Commit web-crawler
 1 file changed, 2 insertions(+)
[master 6de47c1] Commit web-crawler
 2 files changed, 11 insertions(+), 11 deletions(-)
[master 392fd41] Commit web-crawler
 2 files changed, 3 insertions(+), 1 deletion(-)
[master 566c44a] Commit web-crawler
 2 files changed, 3 insertions(+), 1 deletion(-)
[master 7b76a06] Commit web-crawler
 1 file changed, 2 insertions(+)
[master 104e451] Commit web-crawler
 1 file changed, 2 insertions(+)
[master df691c4] Commit web-crawler
 1 file changed, 2 insertions(+)
[master 566bdef] Commit web-crawler
 1 file changed, 2 insertions(+)
[master de740a4] Commit web-crawler
 2 files changed, 4 insertions(+), 1 deletion(-)
[master e842548] Commit web-crawler
 2 files changed, 20 insertions(+), 13 deletions(-)
[master 097ad2f] Commit web-crawler
 1 file changed, 2 insertions(+)
[master 59afaa7] Commit web-crawler
 2 files changed, 6 insertions(+), 4 deletions(-)
[master a1ec23d] Commit web-crawler
 1 file changed, 2 insertions(+)
[master b4e07fc] Commit web-crawler
 2 files changed, 12 insertions(+), 11 deletions(-)
[master 64a7f8d] Commit web-crawler
 2 files changed, 3 insertions(+), 2 deletions(-)
[master b2b9759] Commit web-crawler
 1 file changed, 2 insertions(+)
[master 5e04006] Commit web-crawler
 1 file changed, 2 insertions(+)
[master c1d7f15] Commit web-crawler
 2 files changed, 17 insertions(+), 18 deletions(-)
[master 2065d3c] Commit web-crawler
 3 files changed, 5 insertions(+), 3 deletions(-)
[master 10faa7b] Commit web-crawler
 2 files changed, 4 insertions(+), 2 deletions(-)
[master d6e3a9d] Commit web-crawler
 2 files changed, 4 insertions(+), 1 deletion(-)
[master c33dbe8] Commit web-crawler
 2 files changed, 3 insertions(+), 1 deletion(-)
[master d482ce0] Commit web-crawler
 1 file changed, 2 insertions(+)
[master ceffed8] Commit web-crawler
 2 files changed, 4 insertions(+), 2 deletions(-)
[master 8cd5fd3] Commit web-crawler
 1 file changed, 2 insertions(+)
[master 3fb99a6] Commit web-crawler
 1 file changed, 2 insertions(+)
[master 3b9828a] Commit web-crawler
 2 files changed, 3 insertions(+), 1 deletion(-)
[master 2776139] Commit web-crawler
 1 file changed, 2 insertions(+)
[master 057e638] Commit web-crawler
 2 files changed, 4 insertions(+)
[master 17da5db] Commit web-crawler
 2 files changed, 5 insertions(+), 2 deletions(-)
[master 3bc9c0b] Commit web-crawler
 1 file changed, 2 insertions(+)
[master 0629894] Commit web-crawler
 2 files changed, 5 insertions(+), 3 deletions(-)
[master 430e4c4] Commit web-crawler
 1 file changed, 2 insertions(+)
[master 81b32fe] Commit web-crawler
 2 files changed, 4 insertions(+), 2 deletions(-)
[master b03cefb] Commit web-crawler
 2 files changed, 5 insertions(+), 1 deletion(-)
[master 32353fe] Commit web-crawler
 2 files changed, 3 insertions(+), 1 deletion(-)
[master 5e73b80] Commit web-crawler
 2 files changed, 4 insertions(+), 2 deletions(-)
[master 372f03d] Commit web-crawler
 2 files changed, 3 insertions(+), 1 deletion(-)
[master dc3abff] Commit web-crawler
 1 file changed, 2 insertions(+)
[master 87e3a74] Commit web-crawler
 2 files changed, 4 insertions(+), 8 deletions(-)
[master c2db00c] Commit web-crawler
 2 files changed, 3 insertions(+), 1 deletion(-)
[master 64ced00] Commit web-crawler
 3 files changed, 5 insertions(+), 1 deletion(-)
[master 1170d9a] Commit web-crawler
 2 files changed, 3 insertions(+), 1 deletion(-)
[master 126521f] Commit web-crawler
 1 file changed, 2 insertions(+)
[master be0c43d] Commit web-crawler
 2 files changed, 3 insertions(+), 1 deletion(-)
[master 8229862] Commit web-crawler
 2 files changed, 3 insertions(+), 1 deletion(-)
[master 1e85fe7] Commit web-crawler
 2 files changed, 3 insertions(+), 1 deletion(-)
[master 6979980] Commit web-crawler
 2 files changed, 3 insertions(+), 1 deletion(-)
[master e379c6f] Commit web-crawler
 1 file changed, 2 insertions(+)
[master 84258fb] Commit web-crawler
 3 files changed, 5 insertions(+), 1 deletion(-)
[master 58d233b] Commit web-crawler
 2 files changed, 3 insertions(+), 2 deletions(-)
[master 29a6cab] Commit web-crawler
 2 files changed, 3 insertions(+)
[master 5fefd70] Commit web-crawler
 2 files changed, 4 insertions(+), 2 deletions(-)
[master 1c66fee] Commit web-crawler
 2 files changed, 3 insertions(+), 1 deletion(-)
[master 986dbd7] Commit web-crawler
 2 files changed, 19 insertions(+), 2 deletions(-)
[master 28d6b42] Commit web-crawler
 2 files changed, 3 insertions(+)
[master 9a26e88] Commit web-crawler
 1 file changed, 2 insertions(+)
[master bcc9e81] Commit web-crawler
 2 files changed, 4 insertions(+), 2 deletions(-)
[master 4188873] Commit web-crawler
 2 files changed, 4 insertions(+), 1 deletion(-)
[master 6fdf217] Commit web-crawler
 2 files changed, 4 insertions(+), 2 deletions(-)
[master d6408bc] Commit web-crawler
 2 files changed, 4 insertions(+), 2 deletions(-)
[master b1e5b70] Commit web-crawler
 2 files changed, 4 insertions(+), 2 deletions(-)
[master 5d271c1] Commit web-crawler
 2 files changed, 4 insertions(+)
[master 6b2cdcf] Commit web-crawler
 2 files changed, 3 insertions(+), 2 deletions(-)
[master 703592d] Commit web-crawler
 2 files changed, 3 insertions(+), 1 deletion(-)
[master 006f819] Commit web-crawler
 2 files changed, 5 insertions(+), 3 deletions(-)
[master 728ac89] Commit web-crawler
 2 files changed, 6 insertions(+), 3 deletions(-)
[master 29e1e73] Commit web-crawler
 2 files changed, 3 insertions(+), 1 deletion(-)
[master 4ac462b] Commit web-crawler
 1 file changed, 2 insertions(+)
[master a2fa448] Commit web-crawler
 2 files changed, 3 insertions(+), 1 deletion(-)
[master 7fc4fad] Commit web-crawler
 2 files changed, 7 insertions(+), 2 deletions(-)
[master 2873240] Commit web-crawler
 2 files changed, 5 insertions(+), 2 deletions(-)
[master 6c8310e] Commit web-crawler
 2 files changed, 2 insertions(+), 2 deletions(-)
[master 197099d] Commit web-crawler
 2 files changed, 3 insertions(+), 1 deletion(-)
[master cddeadc] Commit web-crawler
 1 file changed, 2 insertions(+)
[master 5559e3e] Commit web-crawler
 2 files changed, 3 insertions(+), 1 deletion(-)
[master 1fd1baa] Commit web-crawler
 2 files changed, 14 insertions(+), 3 deletions(-)
[master b2302b6] Commit web-crawler
 2 files changed, 3 insertions(+), 1 deletion(-)
[master 1a27922] Commit web-crawler
 2 files changed, 7 insertions(+), 3 deletions(-)
[master 70428c9] Commit web-crawler
 2 files changed, 4 insertions(+), 1 deletion(-)
[master 146c129] Commit web-crawler
 2 files changed, 3 insertions(+), 2 deletions(-)
[master 0be25f8] Commit web-crawler
 2 files changed, 3 insertions(+), 1 deletion(-)
[master 6d8cbe4] Commit web-crawler
 2 files changed, 5 insertions(+)
[master 9f91985] Commit web-crawler
 2 files changed, 3 insertions(+), 1 deletion(-)
[master 82a352c] Commit web-crawler
 2 files changed, 8 insertions(+), 7 deletions(-)
[master 69686c0] Commit web-crawler
 2 files changed, 27 insertions(+), 1 deletion(-)
[master 1de7e8f] Commit web-crawler
 2 files changed, 3 insertions(+), 1 deletion(-)
[master 9a3ba8f] Commit web-crawler
 2 files changed, 4 insertions(+), 1 deletion(-)
[master 46cdad8] Commit web-crawler
 2 files changed, 5 insertions(+)
[master bdcfdf9] Commit web-crawler
 2 files changed, 3 insertions(+), 2 deletions(-)
[master e9120d5] Commit web-crawler
 2 files changed, 3 insertions(+), 1 deletion(-)
[master 8d8856b] Commit web-crawler
 1 file changed, 2 insertions(+)
[master 063bda3] Commit web-crawler
 2 files changed, 3 insertions(+), 1 deletion(-)
[master 9594390] Commit web-crawler
 1 file changed, 2 insertions(+)
[master 140573b] Commit web-crawler
 2 files changed, 4 insertions(+), 1 deletion(-)
[master 4b7bbf9] Commit web-crawler
 2 files changed, 3 insertions(+), 1 deletion(-)
[master ef25d7e] Commit web-crawler
 2 files changed, 4 insertions(+), 4 deletions(-)
[master 9ee8774] Commit web-crawler
 1 file changed, 2 insertions(+)
[master a2daf90] Commit web-crawler
 2 files changed, 3 insertions(+), 1 deletion(-)
[master a325e17] Commit web-crawler
 2 files changed, 3 insertions(+), 1 deletion(-)
[master b2a23ba] Commit web-crawler
 4 files changed, 46 insertions(+), 18 deletions(-)
[master 9532060] Commit web-crawler
 2 files changed, 3 insertions(+), 1 deletion(-)
[master af2250b] Commit web-crawler
 2 files changed, 3 insertions(+), 1 deletion(-)
[master 90cb256] Commit web-crawler
 2 files changed, 3 insertions(+), 1 deletion(-)
[master 2df0aa7] Commit web-crawler
 2 files changed, 3 insertions(+), 1 deletion(-)
[master 6f69f31] Commit web-crawler
 2 files changed, 3 insertions(+), 1 deletion(-)
[master 357d5a7] Commit web-crawler
 2 files changed, 3 insertions(+), 1 deletion(-)
[master 54f3bf6] Commit web-crawler
 2 files changed, 9 insertions(+), 2 deletions(-)
[master 212b1dc] Commit web-crawler
 2 files changed, 3 insertions(+), 1 deletion(-)
[master 1c3c82a] Commit web-crawler
 2 files changed, 3 insertions(+)
[master 02f6be2] Commit web-crawler
 2 files changed, 3 insertions(+), 1 deletion(-)
[master 08b2e58] Commit web-crawler
 2 files changed, 3 insertions(+)
[master 2d528dc] Commit web-crawler
 2 files changed, 3 insertions(+)
[master 048988a] Commit web-crawler
 2 files changed, 3 insertions(+), 1 deletion(-)
[master 240370c] Commit web-crawler
 2 files changed, 3 insertions(+), 1 deletion(-)
[master cd78771] Commit web-crawler
 2 files changed, 12 insertions(+), 15 deletions(-)
[master 05b25bc] Commit web-crawler
 2 files changed, 3 insertions(+), 1 deletion(-)
[master 09e5f16] Commit web-crawler
 2 files changed, 3 insertions(+), 1 deletion(-)
[master e55bdad] Commit web-crawler
 2 files changed, 4 insertions(+)
[master 3cf432e] Commit web-crawler
 2 files changed, 20 insertions(+), 11 deletions(-)
[master 774eaa0] Commit web-crawler
 2 files changed, 3 insertions(+), 1 deletion(-)
[master 13827e1] Commit web-crawler
 2 files changed, 4 insertions(+), 1 deletion(-)
[master e0994da] Commit web-crawler
 2 files changed, 7 insertions(+), 3 deletions(-)
[master 61caabb] Commit web-crawler
 2 files changed, 4 insertions(+), 3 deletions(-)
[master b9511a8] Commit web-crawler
 2 files changed, 3 insertions(+), 2 deletions(-)
[master 189bfe3] Commit web-crawler
 2 files changed, 4 insertions(+), 2 deletions(-)
[master ff4fb3e] Commit web-crawler
 2 files changed, 4 insertions(+), 2 deletions(-)
[master 4c67834] Commit web-crawler
 3 files changed, 10 insertions(+), 4 deletions(-)
[master ac9f4e5] Commit web-crawler
 2 files changed, 7 insertions(+), 1 deletion(-)
[master d42dae9] Commit web-crawler
 2 files changed, 3 insertions(+), 1 deletion(-)
[master 190c2fc] Commit web-crawler
 2 files changed, 3 insertions(+), 1 deletion(-)
[master 724b4e2] Commit web-crawler
 2 files changed, 3 insertions(+), 1 deletion(-)
[master 3779936] Commit web-crawler
 3 files changed, 6 insertions(+), 3 deletions(-)
[master 220536f] Commit web-crawler
 2 files changed, 3 insertions(+), 1 deletion(-)
[master 679305b] Commit web-crawler
 2 files changed, 11 insertions(+), 4 deletions(-)
[master c2ed2d3] Commit web-crawler
 2 files changed, 3 insertions(+), 1 deletion(-)
[master 0b37531] Commit web-crawler
 2 files changed, 3 insertions(+), 1 deletion(-)
[master 061d65d] Commit web-crawler
 2 files changed, 19 insertions(+), 2 deletions(-)
[master 8a23661] Commit web-crawler
 2 files changed, 7 insertions(+), 3 deletions(-)
[master 7e4b5ee] Commit web-crawler
 2 files changed, 3 insertions(+), 1 deletion(-)
[master 4b9acd1] Commit web-crawler
 2 files changed, 13 insertions(+), 1 deletion(-)
[master 61d2280] Commit web-crawler
 2 files changed, 4 insertions(+), 1 deletion(-)
[master a3636de] Commit web-crawler
 1 file changed, 2 insertions(+)
[master 9e06841] Commit web-crawler
 2 files changed, 4 insertions(+), 1 deletion(-)
[master bb966e3] Commit web-crawler
 2 files changed, 3 insertions(+), 1 deletion(-)
[master 98cfd0d] Commit web-crawler
 2 files changed, 3 insertions(+), 1 deletion(-)
[master bdf8ba9] Commit web-crawler
 2 files changed, 3 insertions(+), 1 deletion(-)
[master da63367] Commit web-crawler
 1 file changed, 2 insertions(+)
[master 0b20bc1] Commit web-crawler
 2 files changed, 3 insertions(+), 1 deletion(-)
[master 7d9a97b] Commit web-crawler
 2 files changed, 3 insertions(+), 1 deletion(-)
[master b489448] Commit web-crawler
 1 file changed, 2 insertions(+)
[master 8769398] Commit web-crawler
 1 file changed, 2 insertions(+)
[master 0dcae7d] Commit web-crawler
 1 file changed, 2 insertions(+)
[master 4d5214a] Commit web-crawler
 2 files changed, 3 insertions(+)
[master d9a2e5e] Commit web-crawler
 2 files changed, 5 insertions(+), 1 deletion(-)
[master 0c0066b] Commit web-crawler
 2 files changed, 3 insertions(+), 1 deletion(-)
[master 9d7d4ce] Commit web-crawler
 3 files changed, 4 insertions(+), 3 deletions(-)
[master 7b419de] Commit web-crawler
 2 files changed, 4 insertions(+), 2 deletions(-)
[master eb6271a] Commit web-crawler
 1 file changed, 2 insertions(+)
[master 5d16630] Commit web-crawler
 2 files changed, 4 insertions(+), 2 deletions(-)
[master 9c27f47] Commit web-crawler
 1 file changed, 2 insertions(+)
[master 974de69] Commit web-crawler
 2 files changed, 3 insertions(+), 1 deletion(-)
[master 90c97f0] Commit web-crawler
 2 files changed, 3 insertions(+), 1 deletion(-)
[master d355971] Commit web-crawler
 2 files changed, 3 insertions(+), 1 deletion(-)
[master aaa28ae] Commit web-crawler
 2 files changed, 5 insertions(+)
[master 19dfd63] Commit web-crawler
 2 files changed, 9 insertions(+), 1 deletion(-)
[master 32d0983] Commit web-crawler
 2 files changed, 5 insertions(+), 4 deletions(-)
[master 8e499b7] Commit web-crawler
 2 files changed, 3 insertions(+)
[master 71ddda4] Commit web-crawler
 1 file changed, 2 insertions(+)
[master fbae19a] Commit web-crawler
 1 file changed, 2 insertions(+)
[master 12042cb] Commit web-crawler
 1 file changed, 2 insertions(+)
[master 5bf6000] Commit web-crawler
 1 file changed, 2 insertions(+)
[master 4e1fcf8] Commit web-crawler
 1 file changed, 2 insertions(+)
[master 32ed5ed] Commit web-crawler
 1 file changed, 2 insertions(+)
